<?xml version="1.0" encoding="UTF-8"?>
<!-- Generated by org.testng.reporters.JUnitXMLReporter -->
<testsuite ignored="8" hostname="IN-BXWVDK3" failures="0" tests="6" name="Surefire test" time="14.175" errors="0" timestamp="2024-06-21T21:48:45 IST">
  <testcase classname="tests.GetAPITest" name="verifyThatGetBookingIdsAPIResponseIsNotNull" time="5.588"/>
  <testcase classname="tests.PostAPITest" name="verifyTheCreateBookingAPI" time="1.992"/>
  <testcase classname="tests.GetAPITest" name="verifyThatGetBookingIdAPIResponseIsNotNull" time="1.612"/>
  <testcase classname="tests.PatchAPITest" name="verifyThePartialUpdateBookingAPI" time="1.525"/>
  <testcase classname="tests.PutAPITest" name="verifyTheUpdateBookingAPI" time="1.788"/>
  <testcase classname="tests.DeleteAPITest" name="verifyTheDeleteBookingAPI" time="1.6"/>
  <testcase classname="base.TestBase" name="@AfterSuite AfterSuite" time="0.0">
    <ignored/>
  </testcase> <!-- @AfterSuite AfterSuite -->
  <testcase classname="base.TestBase" name="@AfterSuite AfterSuite" time="0.0">
    <ignored/>
  </testcase> <!-- @AfterSuite AfterSuite -->
  <testcase classname="base.TestBase" name="@BeforeSuite BeforeSuite" time="0.0">
    <ignored/>
  </testcase> <!-- @BeforeSuite BeforeSuite -->
  <testcase classname="base.TestBase" name="@AfterSuite AfterSuite" time="0.0">
    <ignored/>
  </testcase> <!-- @AfterSuite AfterSuite -->
  <testcase classname="base.TestBase" name="@BeforeSuite BeforeSuite" time="0.0">
    <ignored/>
  </testcase> <!-- @BeforeSuite BeforeSuite -->
  <testcase classname="base.TestBase" name="@BeforeSuite BeforeSuite" time="0.0">
    <ignored/>
  </testcase> <!-- @BeforeSuite BeforeSuite -->
  <testcase classname="base.TestBase" name="@AfterSuite AfterSuite" time="0.0">
    <ignored/>
  </testcase> <!-- @AfterSuite AfterSuite -->
  <testcase classname="base.TestBase" name="@BeforeSuite BeforeSuite" time="0.0">
    <ignored/>
  </testcase> <!-- @BeforeSuite BeforeSuite -->
</testsuite> <!-- Surefire test -->
