<?xml version="1.0" encoding="UTF-8"?>
<!-- Generated by org.testng.reporters.JUnitXMLReporter -->
<testsuite ignored="8" hostname="IN-BXWVDK3" failures="0" tests="6" name="Test" time="16.807" errors="0" timestamp="2024-06-21T21:38:11 IST">
  <testcase classname="tests.GetAPITest" name="verifyThatGetBookingIdsAPIResponseIsNotNull" time="7.664"/>
  <testcase classname="tests.PostAPITest" name="verifyTheCreateBookingAPI" time="1.993"/>
  <testcase classname="tests.GetAPITest" name="verifyThatGetBookingIdAPIResponseIsNotNull" time="1.966"/>
  <testcase classname="tests.PatchAPITest" name="verifyThePartialUpdateBookingAPI" time="1.753"/>
  <testcase classname="tests.PutAPITest" name="verifyTheUpdateBookingAPI" time="1.794"/>
  <testcase classname="tests.DeleteAPITest" name="verifyTheDeleteBookingAPI" time="1.56"/>
  <testcase classname="base.TestBase" name="@AfterSuite AfterSuite" time="0.0">
    <ignored/>
  </testcase> <!-- @AfterSuite AfterSuite -->
  <testcase classname="base.TestBase" name="@BeforeSuite BeforeSuite" time="0.0">
    <ignored/>
  </testcase> <!-- @BeforeSuite BeforeSuite -->
  <testcase classname="base.TestBase" name="@BeforeSuite BeforeSuite" time="0.0">
    <ignored/>
  </testcase> <!-- @BeforeSuite BeforeSuite -->
  <testcase classname="base.TestBase" name="@AfterSuite AfterSuite" time="0.0">
    <ignored/>
  </testcase> <!-- @AfterSuite AfterSuite -->
  <testcase classname="base.TestBase" name="@AfterSuite AfterSuite" time="0.0">
    <ignored/>
  </testcase> <!-- @AfterSuite AfterSuite -->
  <testcase classname="base.TestBase" name="@AfterSuite AfterSuite" time="0.0">
    <ignored/>
  </testcase> <!-- @AfterSuite AfterSuite -->
  <testcase classname="base.TestBase" name="@BeforeSuite BeforeSuite" time="0.0">
    <ignored/>
  </testcase> <!-- @BeforeSuite BeforeSuite -->
  <testcase classname="base.TestBase" name="@BeforeSuite BeforeSuite" time="0.0">
    <ignored/>
  </testcase> <!-- @BeforeSuite BeforeSuite -->
</testsuite> <!-- Test -->
