<?xml version="1.0" encoding="UTF-8"?>
<testsuite xmlns:xsi="http://www.w3.org/2001/XMLSchema-instance" xsi:noNamespaceSchemaLocation="https://maven.apache.org/surefire/maven-surefire-plugin/xsd/surefire-test-report.xsd" name="TestSuite" time="16.535" tests="6" errors="0" skipped="0" failures="0">
  <properties>
[...]
</properties>
  <testcase name="verifyThatGetBookingIdsAPIResponseIsNotNull" classname="tests.GetAPITest" time="5.59"/>
  <testcase name="verifyTheCreateBookingAPI" classname="tests.PostAPITest" time="1.999"/>
  <testcase name="verifyThatGetBookingIdAPIResponseIsNotNull" classname="tests.GetAPITest" time="1.615"/>
  <testcase name="verifyThePartialUpdateBookingAPI" classname="tests.PatchAPITest" time="1.527"/>
  <testcase name="verifyTheUpdateBookingAPI" classname="tests.PutAPITest" time="1.788"/>
  <testcase name="verifyTheDeleteBookingAPI" classname="tests.DeleteAPITest" time="1.596"/>
</testsuite>