<?xml version="1.0" encoding="UTF-8"?>
<testng-results ignored="0" total="6" passed="6" failed="0" skipped="0">
  <reporter-output>
  </reporter-output>
  <suite started-at="2024-06-21T21:37:55 IST" name="Suite" finished-at="2024-06-21T21:38:11 IST" duration-ms="16807">
    <groups>
      <group name="createBooking">
        <method signature="PostAPITest.verifyTheCreateBookingAPI()[pri:0, instance:tests.PostAPITest@43f0c2d1]" name="verifyTheCreateBookingAPI" class="tests.PostAPITest"/>
      </group> <!-- createBooking -->
    </groups>
    <test started-at="2024-06-21T21:37:55 IST" name="Test" finished-at="2024-06-21T21:38:11 IST" duration-ms="16807">
      <class name="tests.PatchAPITest">
        <test-method signature="verifyThePartialUpdateBookingAPI()[pri:1, instance:tests.PatchAPITest@38a1a26]" started-at="2024-06-21T21:38:06 IST" name="verifyThePartialUpdateBookingAPI" depends-on-groups="createBooking" finished-at="2024-06-21T21:38:08 IST" duration-ms="1753" status="PASS">
          <reporter-output>
          </reporter-output>
        </test-method> <!-- verifyThePartialUpdateBookingAPI -->
        <test-method is-config="true" signature="BeforeMethod()[pri:0, instance:tests.PatchAPITest@38a1a26]" started-at="2024-06-21T21:38:06 IST" name="BeforeMethod" finished-at="2024-06-21T21:38:06 IST" duration-ms="0" status="PASS">
          <reporter-output>
          </reporter-output>
        </test-method> <!-- BeforeMethod -->
        <test-method is-config="true" signature="AfterMethod(org.testng.ITestResult)[pri:0, instance:tests.PatchAPITest@38a1a26]" started-at="2024-06-21T21:38:08 IST" name="AfterMethod" finished-at="2024-06-21T21:38:08 IST" duration-ms="0" status="PASS">
          <params>
            <param index="0">
              <value>
                <![CDATA[[TestResult name=verifyThePartialUpdateBookingAPI status=SUCCESS method=PatchAPITest.verifyThePartialUpdateBookingAPI()[pri:1, instance:tests.PatchAPITest@38a1a26] output={null}]]]>
              </value>
            </param>
          </params>
          <reporter-output>
          </reporter-output>
        </test-method> <!-- AfterMethod -->
      </class> <!-- tests.PatchAPITest -->
      <class name="tests.PostAPITest">
        <test-method signature="verifyTheCreateBookingAPI()[pri:0, instance:tests.PostAPITest@43f0c2d1]" started-at="2024-06-21T21:38:02 IST" name="verifyTheCreateBookingAPI" finished-at="2024-06-21T21:38:04 IST" duration-ms="1993" status="PASS">
          <reporter-output>
          </reporter-output>
        </test-method> <!-- verifyTheCreateBookingAPI -->
        <test-method is-config="true" signature="BeforeMethod()[pri:0, instance:tests.PostAPITest@43f0c2d1]" started-at="2024-06-21T21:38:02 IST" name="BeforeMethod" finished-at="2024-06-21T21:38:02 IST" duration-ms="0" status="PASS">
          <reporter-output>
          </reporter-output>
        </test-method> <!-- BeforeMethod -->
        <test-method is-config="true" signature="AfterMethod(org.testng.ITestResult)[pri:0, instance:tests.PostAPITest@43f0c2d1]" started-at="2024-06-21T21:38:04 IST" name="AfterMethod" finished-at="2024-06-21T21:38:04 IST" duration-ms="1" status="PASS">
          <params>
            <param index="0">
              <value>
                <![CDATA[[TestResult name=verifyTheCreateBookingAPI status=SUCCESS method=PostAPITest.verifyTheCreateBookingAPI()[pri:0, instance:tests.PostAPITest@43f0c2d1] output={null}]]]>
              </value>
            </param>
          </params>
          <reporter-output>
          </reporter-output>
        </test-method> <!-- AfterMethod -->
      </class> <!-- tests.PostAPITest -->
      <class name="tests.GetAPITest">
        <test-method is-config="true" signature="BeforeSuite()[pri:0, instance:tests.GetAPITest@51d9b06c]" started-at="2024-06-21T21:37:55 IST" name="BeforeSuite" finished-at="2024-06-21T21:37:55 IST" duration-ms="16" status="PASS">
          <reporter-output>
          </reporter-output>
        </test-method> <!-- BeforeSuite -->
        <test-method is-config="true" signature="BeforeMethod()[pri:0, instance:tests.GetAPITest@51d9b06c]" started-at="2024-06-21T21:37:55 IST" name="BeforeMethod" finished-at="2024-06-21T21:37:55 IST" duration-ms="1" status="PASS">
          <reporter-output>
          </reporter-output>
        </test-method> <!-- BeforeMethod -->
        <test-method signature="verifyThatGetBookingIdsAPIResponseIsNotNull()[pri:0, instance:tests.GetAPITest@51d9b06c]" started-at="2024-06-21T21:37:55 IST" name="verifyThatGetBookingIdsAPIResponseIsNotNull" finished-at="2024-06-21T21:38:02 IST" duration-ms="7664" status="PASS">
          <reporter-output>
          </reporter-output>
        </test-method> <!-- verifyThatGetBookingIdsAPIResponseIsNotNull -->
        <test-method is-config="true" signature="AfterMethod(org.testng.ITestResult)[pri:0, instance:tests.GetAPITest@51d9b06c]" started-at="2024-06-21T21:38:02 IST" name="AfterMethod" finished-at="2024-06-21T21:38:02 IST" duration-ms="3" status="PASS">
          <params>
            <param index="0">
              <value>
                <![CDATA[[TestResult name=verifyThatGetBookingIdsAPIResponseIsNotNull status=SUCCESS method=GetAPITest.verifyThatGetBookingIdsAPIResponseIsNotNull()[pri:0, instance:tests.GetAPITest@51d9b06c] output={null}]]]>
              </value>
            </param>
          </params>
          <reporter-output>
          </reporter-output>
        </test-method> <!-- AfterMethod -->
        <test-method signature="verifyThatGetBookingIdAPIResponseIsNotNull()[pri:1, instance:tests.GetAPITest@51d9b06c]" started-at="2024-06-21T21:38:04 IST" name="verifyThatGetBookingIdAPIResponseIsNotNull" finished-at="2024-06-21T21:38:06 IST" duration-ms="1966" status="PASS">
          <reporter-output>
          </reporter-output>
        </test-method> <!-- verifyThatGetBookingIdAPIResponseIsNotNull -->
        <test-method is-config="true" signature="BeforeMethod()[pri:0, instance:tests.GetAPITest@51d9b06c]" started-at="2024-06-21T21:38:04 IST" name="BeforeMethod" finished-at="2024-06-21T21:38:04 IST" duration-ms="0" status="PASS">
          <reporter-output>
          </reporter-output>
        </test-method> <!-- BeforeMethod -->
        <test-method is-config="true" signature="AfterMethod(org.testng.ITestResult)[pri:0, instance:tests.GetAPITest@51d9b06c]" started-at="2024-06-21T21:38:06 IST" name="AfterMethod" finished-at="2024-06-21T21:38:06 IST" duration-ms="0" status="PASS">
          <params>
            <param index="0">
              <value>
                <![CDATA[[TestResult name=verifyThatGetBookingIdAPIResponseIsNotNull status=SUCCESS method=GetAPITest.verifyThatGetBookingIdAPIResponseIsNotNull()[pri:1, instance:tests.GetAPITest@51d9b06c] output={null}]]]>
              </value>
            </param>
          </params>
          <reporter-output>
          </reporter-output>
        </test-method> <!-- AfterMethod -->
        <test-method is-config="true" signature="AfterSuite()[pri:0, instance:tests.GetAPITest@51d9b06c]" started-at="2024-06-21T21:38:11 IST" name="AfterSuite" finished-at="2024-06-21T21:38:12 IST" duration-ms="248" status="PASS">
          <reporter-output>
          </reporter-output>
        </test-method> <!-- AfterSuite -->
      </class> <!-- tests.GetAPITest -->
      <class name="tests.PutAPITest">
        <test-method is-config="true" signature="BeforeMethod()[pri:0, instance:tests.PutAPITest@5fb65013]" started-at="2024-06-21T21:38:08 IST" name="BeforeMethod" finished-at="2024-06-21T21:38:08 IST" duration-ms="1" status="PASS">
          <reporter-output>
          </reporter-output>
        </test-method> <!-- BeforeMethod -->
        <test-method signature="verifyTheUpdateBookingAPI()[pri:2, instance:tests.PutAPITest@5fb65013]" started-at="2024-06-21T21:38:08 IST" name="verifyTheUpdateBookingAPI" depends-on-groups="createBooking" finished-at="2024-06-21T21:38:10 IST" duration-ms="1794" status="PASS">
          <reporter-output>
          </reporter-output>
        </test-method> <!-- verifyTheUpdateBookingAPI -->
        <test-method is-config="true" signature="AfterMethod(org.testng.ITestResult)[pri:0, instance:tests.PutAPITest@5fb65013]" started-at="2024-06-21T21:38:10 IST" name="AfterMethod" finished-at="2024-06-21T21:38:10 IST" duration-ms="1" status="PASS">
          <params>
            <param index="0">
              <value>
                <![CDATA[[TestResult name=verifyTheUpdateBookingAPI status=SUCCESS method=PutAPITest.verifyTheUpdateBookingAPI()[pri:2, instance:tests.PutAPITest@5fb65013] output={null}]]]>
              </value>
            </param>
          </params>
          <reporter-output>
          </reporter-output>
        </test-method> <!-- AfterMethod -->
      </class> <!-- tests.PutAPITest -->
      <class name="tests.DeleteAPITest">
        <test-method is-config="true" signature="BeforeMethod()[pri:0, instance:tests.DeleteAPITest@3fbcfe81]" started-at="2024-06-21T21:38:10 IST" name="BeforeMethod" finished-at="2024-06-21T21:38:10 IST" duration-ms="1" status="PASS">
          <reporter-output>
          </reporter-output>
        </test-method> <!-- BeforeMethod -->
        <test-method signature="verifyTheDeleteBookingAPI()[pri:4, instance:tests.DeleteAPITest@3fbcfe81]" started-at="2024-06-21T21:38:10 IST" name="verifyTheDeleteBookingAPI" depends-on-groups="createBooking" finished-at="2024-06-21T21:38:11 IST" duration-ms="1560" status="PASS">
          <reporter-output>
          </reporter-output>
        </test-method> <!-- verifyTheDeleteBookingAPI -->
        <test-method is-config="true" signature="AfterMethod(org.testng.ITestResult)[pri:0, instance:tests.DeleteAPITest@3fbcfe81]" started-at="2024-06-21T21:38:11 IST" name="AfterMethod" finished-at="2024-06-21T21:38:11 IST" duration-ms="0" status="PASS">
          <params>
            <param index="0">
              <value>
                <![CDATA[[TestResult name=verifyTheDeleteBookingAPI status=SUCCESS method=DeleteAPITest.verifyTheDeleteBookingAPI()[pri:4, instance:tests.DeleteAPITest@3fbcfe81] output={null}]]]>
              </value>
            </param>
          </params>
          <reporter-output>
          </reporter-output>
        </test-method> <!-- AfterMethod -->
      </class> <!-- tests.DeleteAPITest -->
    </test> <!-- Test -->
  </suite> <!-- Suite -->
</testng-results>
